# JRE version: OpenJDK Runtime Environment Temurin-23+37 (23.0+37) (build 23+37)
# Java VM: OpenJDK 64-Bit Server VM Temurin-23+37 (23+37, mixed mode, sharing, tiered, compressed oops, compressed class ptrs, g1 gc, windows-amd64)
GC Precious Log:
 CardTable entry size: 512
 Card Set container configuration: InlinePtr #cards 4 size 8 Array Of Cards #cards 16 size 48 Howl #buckets 8 coarsen threshold 3686 Howl Bitmap #cards 512 size 80 coarsen threshold 460 Card regions per heap region 1 cards per card region 4096
 CPUs: 12 total, 12 available
 Memory: 15979M
 Large Page Support: Disabled
 NUMA Support: Disabled
 Compressed Oops: Enabled (Zero based)
 Heap Region Size: 2M
 Heap Min Capacity: 8M
 Heap Initial Capacity: 250M
 Heap Max Capacity: 3996M
 Pre-touch: Disabled
 Parallel Workers: 10
 Concurrent Workers: 3
 Concurrent Refinement Workers: 10
 Periodic GC: Disabled
Heap:
 garbage-first heap   total reserved 4091904K, committed 256000K, used 933K [0x0000000706400000, 0x0000000800000000)
  region size 2048K, 1 young (2048K), 1 survivors (2048K)
 Metaspace       used 809K, committed 896K, reserved 1114112K
  class space    used 69K, committed 128K, reserved 1048576K
GC Heap History (9 events):
Event: 0.197 GC heap before
{Heap before GC invocations=0 (full 0):
 garbage-first heap   total reserved 4091904K, committed 256000K, used 22528K [0x0000000706400000, 0x0000000800000000)
  region size 2048K, 12 young (24576K), 0 survivors (0K)
 Metaspace       used 808K, committed 896K, reserved 1114112K
  class space    used 69K, committed 128K, reserved 1048576K
}
Event: 0.201 GC heap after
{Heap after GC invocations=1 (full 0):
 garbage-first heap   total reserved 4091904K, committed 256000K, used 959K [0x0000000706400000, 0x0000000800000000)
  region size 2048K, 1 young (2048K), 1 survivors (2048K)
 Metaspace       used 808K, committed 896K, reserved 1114112K
  class space    used 69K, committed 128K, reserved 1048576K
}
Event: 0.211 GC heap before
{Heap before GC invocations=1 (full 0):
 garbage-first heap   total reserved 4091904K, committed 256000K, used 27583K [0x0000000706400000, 0x0000000800000000)
  region size 2048K, 15 young (30720K), 1 survivors (2048K)
 Metaspace       used 809K, committed 896K, reserved 1114112K
  class space    used 69K, committed 128K, reserved 1048576K
}
Event: 0.213 GC heap after
{Heap after GC invocations=2 (full 0):
 garbage-first heap   total reserved 4091904K, committed 256000K, used 915K [0x0000000706400000, 0x0000000800000000)
  region size 2048K, 1 young (2048K), 1 survivors (2048K)
 Metaspace       used 809K, committed 896K, reserved 1114112K
  class space    used 69K, committed 128K, reserved 1048576K
}
Event: 0.231 GC heap before
{Heap before GC invocations=2 (full 0):
 garbage-first heap   total reserved 4091904K, committed 256000K, used 58259K [0x0000000706400000, 0x0000000800000000)
  region size 2048K, 30 young (61440K), 1 survivors (2048K)
 Metaspace       used 809K, committed 896K, reserved 1114112K
  class space    used 69K, committed 128K, reserved 1048576K
}
Event: 0.233 GC heap after
{Heap after GC invocations=3 (full 0):
 garbage-first heap   total reserved 4091904K, committed 256000K, used 926K [0x0000000706400000, 0x0000000800000000)
  region size 2048K, 1 young (2048K), 1 survivors (2048K)
 Metaspace       used 809K, committed 896K, reserved 1114112K
  class space    used 69K, committed 128K, reserved 1048576K
}
Event: 0.248 GC heap before
{Heap before GC invocations=3 (full 0):
 garbage-first heap   total reserved 4091904K, committed 256000K, used 80798K [0x0000000706400000, 0x0000000800000000)
  region size 2048K, 41 young (83968K), 1 survivors (2048K)
 Metaspace       used 809K, committed 896K, reserved 1114112K
  class space    used 69K, committed 128K, reserved 1048576K
}
Event: 0.250 GC heap after
{Heap after GC invocations=4 (full 0):
 garbage-first heap   total reserved 4091904K, committed 256000K, used 892K [0x0000000706400000, 0x0000000800000000)
  region size 2048K, 1 young (2048K), 1 survivors (2048K)
 Metaspace       used 809K, committed 896K, reserved 1114112K
  class space    used 69K, committed 128K, reserved 1048576K
}
Event: 0.268 GC heap before
{Heap before GC invocations=4 (full 0):
 garbage-first heap   total reserved 4091904K, committed 256000K, used 113532K [0x0000000706400000, 0x0000000800000000)
  region size 2048K, 57 young (116736K), 1 survivors (2048K)
 Metaspace       used 809K, committed 896K, reserved 1114112K
  class space    used 69K, committed 128K, reserved 1048576K
}

